
paste mode; Ctrl-C to cancel, Ctrl-D to finish
=== import asyncio
import busio
import microcontroller
from drivers import bmi088

SCK = microcontroller.pin.PA05
MOSI = microcontroller.pin.PA07
MISO = microcontroller.pin.PA06
CS = microcontroller.pin.PE10

BAUDS = (400, 800, 1600, 3200, 6400, 10000, 20000)

async def one(baud, cs_low):
    spi = None
    gyro = None
    try:
        spi = busio.SPI(SCK, MOSI=MOSI, MISO=MISO)
        gyro = bmi088.Bmi088Gyro(
            spi,
            cs_gyro_pin_or_dio=CS,
            baudrate=baud,
            polarity=1,
            phase=1,
            read_dummy_bytes=0,
            cs_active_low=cs_low,
        )
        await gyro.begin(verify_chip_id=False)

        st = []
        for _ in range(5):
            r = await gyro.self_test_gyro(wait_s=0.03, timeout_s=0.25)
            st.append(r['raw_0x3C'])
            await asyncio.sleep(0.01)

        chip = [gyro._read_reg_gyro(bmi088.GYR_CHIP_ID_REG) for _ in range(8)]

        counts = {}
        for _ in range(120):
            b = tuple(gyro._read_block_gyro(bmi088.GYR_DATA_START, 6))
            counts[b] = counts.get(b, 0) + 1

        uniq = len(counts)
        top_pat, top_n = max(counts.items(), key=lambda kv: kv[1]) if counts else ((0,0,0,0,0,0), 0)

        print(
            "RES baud={} cs_low={} chip={} st={} uniq={} top_n={} top_pat={}".format(
                baud, int(cs_low),
                ["0x{:02X}".format(x) for x in chip],
                ["0x{:02X}".format(x) for x in st],
                uniq, top_n,
                ["0x{:02X}".format(x) for x in top_pat],
            )
        )
    except Exception as e:
        print("ERR baud={} cs_low={} {}".format(baud, int(cs_low), repr(e)))
    finally:
        try:
            if gyro is not None:
                gyro.deinit()
        except Exception:
            pass
        try:
            if spi is not None:
                spi.deinit()
        except Exception:
            pass
        await asyncio.sleep(0.04)

async def main():
    print("SCAN2_START")
    for cs_low in (True, False):
        for b in BAUDS:
            await one(b, cs_low)
    print("SCAN2_DONE")

asyncio.run(main())
SCAN2_START
RES baud=400 cs_low=1 chip=['0x00', '0x3F', '0x00', '0xC5', '0x00', '0x8B', '0x00', '0x2C'] st=['0x0B', '0x0B', '0x0B', '0x0B', '0x0B'] uniq=35 top_n=4 top_pat=['0x00', '0x01', '0x06', '0x00', '0x00', '0x01']
RES baud=800 cs_low=1 chip=['0x00', '0x3F', '0x00', '0xC5', '0x00', '0x8B', '0x00', '0x2C'] st=['0x0B', '0x0B', '0x0B', '0x0B', '0x0B'] uniq=41 top_n=4 top_pat=['0x00', '0xC0', '0x00', '0x00', '0x00', '0xC0']
RES baud=1600 cs_low=1 chip=['0x00', '0x3F', '0x00', '0xC5', '0x00', '0x8B', '0x00', '0x2C'] st=['0x0B', '0x0B', '0x0B', '0x0B', '0x0B'] uniq=35 top_n=4 top_pat=['0x00', '0x01', '0x06', '0x00', '0x00', '0x01']
RES baud=3200 cs_low=1 chip=['0x00', '0x3F', '0x00', '0xC5', '0x00', '0x8B', '0x00', '0x2C'] st=['0x0B', '0x06', '0x0B', '0x0B', '0x0B'] uniq=35 top_n=4 top_pat=['0x00', '0x01', '0x06', '0x00', '0x00', '0x01']
RES baud=6400 cs_low=1 chip=['0x00', '0x7F', '0x00', '0xC5', '0x00', '0x8B', '0x00', '0x2C'] st=['0x0B', '0x0B', '0x0B', '0x0B', '0x0B'] uniq=41 top_n=4 top_pat=['0x00', '0xC0', '0x00', '0x00', '0x00', '0xC0']
RES baud=10000 cs_low=1 chip=['0x00', '0x3F', '0x00', '0xC5', '0x00', '0x8B', '0x00', '0x2C'] st=['0x0B', '0x0B', '0x0B', '0x0B', '0x0B'] uniq=35 top_n=4 top_pat=['0x00', '0x01', '0x06', '0x00', '0x00', '0x01']
RES baud=20000 cs_low=1 chip=['0x00', '0x7F', '0x00', '0xC5', '0x00', '0x8B', '0x00', '0x2C'] st=['0x0B', '0x0B', '0x0B', '0x0B', '0x0B'] uniq=43 top_n=5 top_pat=['0x00', '0xC0', '0x00', '0x00', '0x00', '0xC0']
RES baud=400 cs_low=0 chip=['0x00', '0xFF', '0x00', '0xC5', '0x00', '0x8B', '0x00', '0x2C'] st=['0x0B', '0x16', '0x0B', '0x0B', '0x0B'] uniq=41 top_n=4 top_pat=['0x00', '0xC0', '0x00', '0x00', '0x00', '0xC0']
RES baud=800 cs_low=0 chip=['0x00', '0xFF', '0x00', '0xC5', '0x00', '0x8B', '0x00', '0x2C'] st=['0x0B', '0x0B', '0x0B', '0x16', '0x0B'] uniq=35 top_n=4 top_pat=['0x00', '0x01', '0x06', '0x00', '0x00', '0x01']
RES baud=1600 cs_low=0 chip=['0x00', '0xFF', '0x00', '0xC5', '0x00', '0x8B', '0x00', '0x2C'] st=['0x0B', '0x0B', '0x16', '0x0B', '0x0B'] uniq=36 top_n=4 top_pat=['0x03', '0x00', '0x00', '0x00', '0x03', '0x00']
RES baud=3200 cs_low=0 chip=['0x00', '0xFF', '0x00', '0xC5', '0x00', '0x8B', '0x00', '0x2C'] st=['0x0B', '0x0B', '0x0B', '0x16', '0x16'] uniq=35 top_n=4 top_pat=['0x00', '0x01', '0x06', '0x00', '0x00', '0x01']
RES baud=6400 cs_low=0 chip=['0x00', '0xFF', '0x00', '0xC5', '0x00', '0x8B', '0x00', '0x2C'] st=['0x16', '0x0B', '0x0B', '0x0B', '0x16'] uniq=35 top_n=4 top_pat=['0x00', '0x01', '0x06', '0x00', '0x00', '0x01']
RES baud=10000 cs_low=0 chip=['0x00', '0xFF', '0x00', '0xC5', '0x00', '0x8B', '0x00', '0x2C'] st=['0x16', '0x0B', '0x0B', '0x0B', '0x0B'] uniq=36 top_n=5 top_pat=['0x00', '0x00', '0x00', '0x06', '0x00', '0x00']
RES baud=20000 cs_low=0 chip=['0x00', '0xFF', '0x00', '0xC5', '0x00', '0x8B', '0x00', '0x2C'] st=['0x16', '0x16', '0x16', '0x0B', '0x16'] uniq=35 top_n=4 top_pat=['0x00', '0x01', '0x06', '0x00', '0x00', '0x01']
SCAN2_DONE
>>> 